0 info it worked if it ends with ok
1 verbose cli [ '/usr/local/bin/node', '/usr/local/bin/npm', 'publish' ]
2 info using npm@2.11.3
3 info using node@v0.12.7
4 verbose publish [ '.' ]
5 silly cache add args [ '.', null ]
6 verbose cache add spec .
7 silly cache add parsed spec { raw: '.',
7 silly cache add   scope: null,
7 silly cache add   name: null,
7 silly cache add   rawSpec: '.',
7 silly cache add   spec: '/Users/cloudcover/whisperdb',
7 silly cache add   type: 'directory' }
8 verbose addLocalDirectory /Users/cloudcover/.npm/whisperdb/1.0.0/package.tgz not in flight; packing
9 verbose tar pack [ '/Users/cloudcover/.npm/whisperdb/1.0.0/package.tgz',
9 verbose tar pack   '/Users/cloudcover/whisperdb' ]
10 verbose tarball /Users/cloudcover/.npm/whisperdb/1.0.0/package.tgz
11 verbose folder /Users/cloudcover/whisperdb
12 info prepublish whisperdb@1.0.0
13 verbose addLocalTarball adding from inside cache /Users/cloudcover/.npm/whisperdb/1.0.0/package.tgz
14 silly cache afterAdd whisperdb@1.0.0
15 verbose afterAdd /Users/cloudcover/.npm/whisperdb/1.0.0/package/package.json not in flight; writing
16 verbose afterAdd /Users/cloudcover/.npm/whisperdb/1.0.0/package/package.json written
17 silly publish { name: 'whisperdb',
17 silly publish   version: '1.0.0',
17 silly publish   description: 'Module to perform CRUD operations on Whisper, the RRD database.',
17 silly publish   main: 'index.js',
17 silly publish   scripts: { test: 'echo "Error: no test specified" && exit 1' },
17 silly publish   repository:
17 silly publish    { type: 'git',
17 silly publish      url: 'git+https://github.com/paritosh16/whisperdb.git' },
17 silly publish   keywords: [ 'whisper', 'database', 'db', 'CRUD' ],
17 silly publish   author:
17 silly publish    { name: 'Paritosh Walvekar',
17 silly publish      email: 'paritosh.walvekar@gmail.com' },
17 silly publish   license: 'MIT',
17 silly publish   bugs: { url: 'https://github.com/paritosh16/whisperdb/issues' },
17 silly publish   homepage: 'https://github.com/paritosh16/whisperdb#readme',
17 silly publish   readme: 'ERROR: No README data found!',
17 silly publish   _id: 'whisperdb@1.0.0',
17 silly publish   _shasum: '35ccc9d5147527c4f94851426f8ca179b9130e4e',
17 silly publish   _from: '.' }
18 verbose getPublishConfig undefined
19 silly mapToRegistry name whisperdb
20 silly mapToRegistry using default registry
21 silly mapToRegistry registry https://registry.npmjs.org/
22 silly mapToRegistry uri https://registry.npmjs.org/whisperdb
23 verbose publish registryBase https://registry.npmjs.org/
24 silly publish uploading /Users/cloudcover/.npm/whisperdb/1.0.0/package.tgz
25 verbose request uri https://registry.npmjs.org/whisperdb
26 verbose request sending authorization for write operation
27 info attempt registry request try #1 at 12:25:27 PM
28 verbose request using bearer token for auth
29 verbose request id 7aeca6f6c573ffb1
30 http request PUT https://registry.npmjs.org/whisperdb
31 http 403 https://registry.npmjs.org/whisperdb
32 verbose headers { 'content-type': 'application/json',
32 verbose headers   'cache-control': 'max-age=60',
32 verbose headers   'content-length': '128',
32 verbose headers   'accept-ranges': 'bytes',
32 verbose headers   date: 'Wed, 26 Aug 2015 06:55:28 GMT',
32 verbose headers   via: '1.1 varnish',
32 verbose headers   connection: 'keep-alive',
32 verbose headers   'x-served-by': 'cache-sin6923-SIN',
32 verbose headers   'x-cache': 'MISS',
32 verbose headers   'x-cache-hits': '0',
32 verbose headers   'x-timer': 'S1440572127.657361,VS0,VE540' }
33 verbose request invalidating /Users/cloudcover/.npm/registry.npmjs.org/whisperdb on PUT
34 error publish Failed PUT 403
35 verbose stack Error: "You cannot publish over the previously published version 1.0.0. Try bumping the version to 2.0.0" : whisperdb
35 verbose stack     at CachingRegistryClient.<anonymous> (/usr/local/lib/node_modules/npm/node_modules/npm-registry-client/lib/request.js:247:14)
35 verbose stack     at Request._callback (/usr/local/lib/node_modules/npm/node_modules/npm-registry-client/lib/request.js:170:14)
35 verbose stack     at Request.self.callback (/usr/local/lib/node_modules/npm/node_modules/request/request.js:354:22)
35 verbose stack     at Request.emit (events.js:110:17)
35 verbose stack     at Request.<anonymous> (/usr/local/lib/node_modules/npm/node_modules/request/request.js:1207:14)
35 verbose stack     at Request.emit (events.js:129:20)
35 verbose stack     at IncomingMessage.<anonymous> (/usr/local/lib/node_modules/npm/node_modules/request/request.js:1153:12)
35 verbose stack     at IncomingMessage.emit (events.js:129:20)
35 verbose stack     at _stream_readable.js:908:16
35 verbose stack     at process._tickCallback (node.js:355:11)
36 verbose statusCode 403
37 verbose pkgid whisperdb
38 verbose cwd /Users/cloudcover/whisperdb
39 error Darwin 14.3.0
40 error argv "/usr/local/bin/node" "/usr/local/bin/npm" "publish"
41 error node v0.12.7
42 error npm  v2.11.3
43 error code E403
44 error "You cannot publish over the previously published version 1.0.0. Try bumping the version to 2.0.0" : whisperdb
45 error If you need help, you may report this error at:
45 error     <https://github.com/npm/npm/issues>
46 verbose exit [ 1, true ]
